<?xml version="1.0" encoding="UTF-8"?>
<!-- Generated by org.testng.reporters.JUnitReportReporter -->
<testsuite hostname="DESKTOP-RKGDBJ8" failures="0" tests="2" name="Maven1.TestNGDemoClass" time="4.329" errors="0" timestamp="15 Jul 2021 02:05:48 GMT" skipped="0">
  <testcase classname="Maven1.TestNGDemoClass" name="GoogleSearch" time="1.986"/>
  <testcase classname="Maven1.TestNGDemoClass" name="GoogleClick" time="2.343"/>
</testsuite> <!-- Maven1.TestNGDemoClass -->
