<?xml version="1.0" encoding="UTF-8"?>
<!-- Generated by org.testng.reporters.JUnitReportReporter -->
<testsuite hostname="DESKTOP-RKGDBJ8" failures="0" tests="2" name="Maven1.TestNGDemoClass" time="9.051" errors="0" timestamp="23 Jul 2021 11:15:15 GMT" skipped="0">
  <testcase classname="Maven1.TestNGDemoClass" name="GoogleSearch" time="5.920"/>
  <testcase classname="Maven1.TestNGDemoClass" name="GoogleClick" time="3.131"/>
</testsuite> <!-- Maven1.TestNGDemoClass -->
