<?xml version="1.0" encoding="UTF-8"?>
<!-- Generated by org.testng.reporters.JUnitReportReporter -->
<testsuite hostname="DESKTOP-RKGDBJ8" failures="0" tests="2" name="Maven1.TestNGExtentReports" time="8.311" errors="0" timestamp="23 Jul 2021 11:15:15 GMT" skipped="0">
  <testcase classname="Maven1.TestNGExtentReports" name="GoogleSearch" time="5.841"/>
  <testcase classname="Maven1.TestNGExtentReports" name="GoogleClick" time="2.470"/>
</testsuite> <!-- Maven1.TestNGExtentReports -->
